17:17:52 Key: 
KeyInfo
17:17:52 Warning: 
warninginfo
17:17:52 Error: 
errorinfo
18:03:39 Key: 
KeyInfo
18:03:39 Warning: 
warninginfo
18:03:39 Error: 
errorinfo
18:03:39 Info: 
normalinfo
18:04:25 Key: 
KeyInfo
18:04:25 Warning: 
warninginfo
18:04:25 Error: 
errorinfo
18:04:25 Info: 
normalinfo
18:04:41 Key: 
KeyInfo
18:04:41 Warning: 
warninginfo
18:04:41 Error: 
errorinfo
18:04:41 Info: 
normalinfo
18:06:01 Key: 
KeyInfo
18:06:01 Warning: 
warninginfo
18:06:01 Error: 
errorinfo
18:06:01 Info: 
normalinfo
18:07:20 Key: 
KeyInfo
18:07:20 Warning: 
warninginfo
18:07:20 Error: 
errorinfo
18:07:20 Info: 
normalinfo
18:09:34 Key: 
KeyInfo
18:09:34 Warning: 
warninginfo
18:09:34 Error: 
errorinfo
18:09:34 Info: 
normalinfo
18:13:44 Key: 
KeyInfo
18:13:44 Warning: 
warninginfo
18:13:44 Error: 
errorinfo
18:13:44 Info: 
normalinfo
18:14:33 Key: 
KeyInfo
18:14:33 Warning: 
warninginfo
18:14:33 Error: 
errorinfo
18:14:33 Info: 
normalinfo/ndajojoajo
18:14:45 Key: 
KeyInfo
18:14:45 Warning: 
warninginfo
18:14:45 Error: 
errorinfo
18:14:45 Info: 
normalinfo
dajojoajo
18:15:00 Key: 
KeyInfo
18:15:00 Warning: 
warninginfo
18:15:00 Error: 
errorinfo
18:15:00 Info: 
normalinfo
dajojoajo
